Построение начато 29.11.2017 16:56:05.
     1>Проект "D:\temp\ИУ1-12\wordArrayMinMaxLenght\wordArrayMinMaxLenght\wordArrayMinMaxLenght.vcxproj" в узле 2 (целевые объекты Build).
     1>InitializeBuildStatus:
         Создание "Debug\wordArrayMinMaxLenght.unsuccessfulbuild", так как было задано "AlwaysCreate".
       ClCompile:
         Для всех выходных данных обновления не требуется.
         C:\Program Files (x86)\Microsoft Visual Studio 11.0\VC\bin\CL.exe /c /ZI /nologo /W3 /WX- /Od /Oy- /D WIN32 /D _DEBUG /D _CONSOLE /D _UNICODE /D UNICODE /Gm /EHsc /RTC1 /MDd /GS /fp:precise /Zc:wchar_t /Zc:forScope /Yu"stdafx.h" /Fp"Debug\wordArrayMinMaxLenght.pch" /Fo"Debug\\" /Fd"Debug\vc110.pdb" /Gd /TP /analyze- /errorReport:prompt wordArrayMinMaxLenght.cpp
         wordArrayMinMaxLenght.cpp
     1>d:\temp\иу1-12\wordarrayminmaxlenght\wordarrayminmaxlenght\wordarrayminmaxlenght.cpp(43): warning C4996: 'getch': The POSIX name for this item is deprecated. Instead, use the ISO C++ conformant name: _getch. See online help for details.
                 c:\program files (x86)\microsoft visual studio 11.0\vc\include\conio.h(131): см. объявление "getch"
     1>d:\temp\иу1-12\wordarrayminmaxlenght\wordarrayminmaxlenght\wordarrayminmaxlenght.cpp(60): warning C4996: 'scanf': This function or variable may be unsafe. Consider using scanf_s instead. To disable deprecation, use _CRT_SECURE_NO_WARNINGS. See online help for details.
                 c:\program files (x86)\microsoft visual studio 11.0\vc\include\stdio.h(290): см. объявление "scanf"
     1>d:\temp\иу1-12\wordarrayminmaxlenght\wordarrayminmaxlenght\wordarrayminmaxlenght.cpp(62): warning C4996: 'scanf': This function or variable may be unsafe. Consider using scanf_s instead. To disable deprecation, use _CRT_SECURE_NO_WARNINGS. See online help for details.
                 c:\program files (x86)\microsoft visual studio 11.0\vc\include\stdio.h(290): см. объявление "scanf"
       Link:
         C:\Program Files (x86)\Microsoft Visual Studio 11.0\VC\bin\link.exe /ERRORREPORT:PROMPT /OUT:"D:\temp\ИУ1-12\wordArrayMinMaxLenght\Debug\wordArrayMinMaxLenght.exe" /INCREMENTAL /NOLOGO kernel32.lib user32.lib gdi32.lib winspool.lib comdlg32.lib advapi32.lib shell32.lib ole32.lib oleaut32.lib uuid.lib odbc32.lib odbccp32.lib /MANIFEST /MANIFESTUAC:"level='asInvoker' uiAccess='false'" /manifest:embed /DEBUG /PDB:"D:\temp\ИУ1-12\wordArrayMinMaxLenght\Debug\wordArrayMinMaxLenght.pdb" /SUBSYSTEM:CONSOLE /TLBID:1 /DYNAMICBASE /NXCOMPAT /IMPLIB:"D:\temp\ИУ1-12\wordArrayMinMaxLenght\Debug\wordArrayMinMaxLenght.lib" /MACHINE:X86 Debug\stdafx.obj
         Debug\wordArrayMinMaxLenght.obj
         wordArrayMinMaxLenght.vcxproj -> D:\temp\ИУ1-12\wordArrayMinMaxLenght\Debug\wordArrayMinMaxLenght.exe
       FinalizeBuildStatus:
         Файл "Debug\wordArrayMinMaxLenght.unsuccessfulbuild" удаляется.
         Обращение к "Debug\wordArrayMinMaxLenght.lastbuildstate".
     1>Построение проекта "D:\temp\ИУ1-12\wordArrayMinMaxLenght\wordArrayMinMaxLenght\wordArrayMinMaxLenght.vcxproj" завершено (целевые объекты Build).

Построение успешно завершено.

Затраченное время: 00:00:00.48
